\BOOKMARK [1][]{section*.3}{\376\377\000A\000b\000b\000i\000l\000d\000u\000n\000g\000s\000v\000e\000r\000z\000e\000i\000c\000h\000n\000i\000s}{}% 1
\BOOKMARK [1][]{section.5}{\376\377\0001\000\040\000P\000r\000o\000b\000l\000e\000m\000s\000t\000e\000l\000l\000u\000n\000g}{}% 2
\BOOKMARK [2][]{subsection.7}{\376\377\0001\000.\0001\000\040\000A\000u\000f\000m\000e\000r\000k\000s\000a\000m\000k\000e\000i\000t\000/\000M\000a\000r\000k\000e\000t\000i\000n\000g}{section.5}% 3
\BOOKMARK [2][]{subsection.10}{\376\377\0001\000.\0002\000\040\000D\000a\000s\000\040\000N\000u\000t\000z\000e\000r\000k\000o\000n\000t\000o}{section.5}% 4
\BOOKMARK [2][]{subsection.12}{\376\377\0001\000.\0003\000\040\000K\000o\000n\000t\000a\000k\000t\000s\000u\000c\000h\000e}{section.5}% 5
\BOOKMARK [2][]{subsection.14}{\376\377\0001\000.\0004\000\040\000F\000i\000l\000t\000e\000r}{section.5}% 6
\BOOKMARK [2][]{subsection.16}{\376\377\0001\000.\0005\000\040\000R\000e\000g\000e\000l\000n\000\040\000u\000n\000d\000\040\000R\000i\000c\000h\000t\000l\000i\000n\000i\000e\000n}{section.5}% 7
\BOOKMARK [2][]{subsection.18}{\376\377\0001\000.\0006\000\040\000I\000n\000t\000e\000r\000n\000a\000t\000i\000o\000n\000a\000l\000i\000s\000i\000e\000r\000u\000n\000g}{section.5}% 8
\BOOKMARK [2][]{subsection.19}{\376\377\0001\000.\0007\000\040\000E\000i\000n\000s\000t\000e\000l\000l\000u\000n\000g\000e\000n}{section.5}% 9
\BOOKMARK [2][]{subsection.20}{\376\377\0001\000.\0008\000\040\000N\000a\000c\000h\000r\000i\000c\000h\000t\000e\000n}{section.5}% 10
\BOOKMARK [2][]{subsection.21}{\376\377\0001\000.\0009\000\040\000S\000i\000c\000h\000e\000r\000h\000e\000i\000t}{section.5}% 11
\BOOKMARK [2][]{subsection.22}{\376\377\0001\000.\0001\0000\000\040\000D\000o\000k\000u\000m\000e\000n\000t\000a\000t\000i\000o\000n}{section.5}% 12
\BOOKMARK [2][]{subsection.23}{\376\377\0001\000.\0001\0001\000\040\000K\000o\000n\000t\000o\000\040\000l\000\366\000s\000c\000h\000e\000n}{section.5}% 13
\BOOKMARK [1][]{section.24}{\376\377\0002\000\040\000E\000i\000n\000l\000e\000i\000t\000u\000n\000g}{}% 14
\BOOKMARK [2][]{subsection.25}{\376\377\0002\000.\0001\000\040\000E\000i\000n\000f\000\374\000h\000r\000u\000n\000g\000\040\000i\000n\000\040\000d\000a\000s\000\040\000T\000h\000e\000m\000a\000\040\000\050\000M\000o\000t\000i\000v\000a\000t\000i\000o\000n\000,\000\040\000z\000e\000n\000t\000r\000a\000l\000e\000\040\000B\000e\000g\000r\000i\000f\000f\000e\000\040\000e\000t\000c\000.\000\051}{section.24}% 15
\BOOKMARK [2][]{subsection.26}{\376\377\0002\000.\0002\000\040\000H\000i\000n\000f\000\374\000h\000r\000u\000n\000g\000\040\000z\000u\000\040\000d\000e\000n\000\040\000E\000r\000g\000e\000b\000n\000i\000s\000s\000e\000n}{section.24}% 16
\BOOKMARK [2][]{subsection.27}{\376\377\0002\000.\0003\000\040\000G\000g\000f\000.\000\040\000A\000n\000g\000a\000b\000e\000\040\000d\000e\000s\000\040\000S\000c\000h\000w\000e\000r\000p\000u\000n\000k\000t\000e\000s}{section.24}% 17
\BOOKMARK [2][]{subsection.28}{\376\377\0002\000.\0004\000\040\000G\000g\000f\000.\000\040\000E\000i\000n\000s\000c\000h\000r\000\344\000n\000k\000u\000n\000g\000e\000n\000\040\000d\000a\000r\000l\000e\000g\000e\000n}{section.24}% 18
\BOOKMARK [2][]{subsection.29}{\376\377\0002\000.\0005\000\040\000P\000r\000o\000b\000l\000e\000m\000s\000t\000e\000l\000l\000u\000n\000g}{section.24}% 19
\BOOKMARK [2][]{subsection.30}{\376\377\0002\000.\0006\000\040\000Z\000i\000e\000l\000s\000t\000e\000l\000l\000u\000n\000g\000\040\000d\000e\000r\000\040\000A\000r\000b\000e\000i\000t}{section.24}% 20
\BOOKMARK [2][]{subsection.31}{\376\377\0002\000.\0007\000\040\000F\000r\000a\000g\000e\000s\000t\000e\000l\000l\000u\000n\000g\000\040\000d\000e\000r\000\040\000A\000r\000b\000e\000i\000t}{section.24}% 21
\BOOKMARK [2][]{subsection.32}{\376\377\0002\000.\0008\000\040\000S\000t\000r\000u\000k\000t\000u\000r\000\040\000d\000e\000r\000\040\000A\000r\000b\000e\000i\000t}{section.24}% 22
\BOOKMARK [1][]{section.35}{\376\377\0003\000\040\000G\000r\000u\000n\000d\000l\000a\000g\000e\000n}{}% 23
\BOOKMARK [2][]{subsection.36}{\376\377\0003\000.\0001\000\040\000U\000n\000t\000e\000r\000a\000b\000s\000c\000h\000n\000i\000t\000t\000\040\000v\000o\000n\000\040\000G\000r\000u\000n\000d\000l\000a\000g\000e\000n}{section.35}% 24
\BOOKMARK [1][]{section.37}{\376\377\0004\000\040\000D\000a\000t\000e\000n\000b\000a\000n\000k}{}% 25
\BOOKMARK [1][]{section.42}{\376\377\0005\000\040\000B\000e\000n\000u\000t\000z\000e\000r\000o\000b\000e\000r\000f\000l\000\344\000c\000h\000e}{}% 26
\BOOKMARK [2][]{subsection.44}{\376\377\0005\000.\0001\000\040\000\334\000b\000e\000r\000l\000e\000g\000u\000n\000g\000e\000n\000\040\000b\000e\000i\000\040\000d\000e\000r\000\040\000V\000e\000r\000w\000e\000n\000d\000u\000n\000g\000\040\000v\000o\000n\000\040\000R\000e\000a\000c\000t}{section.42}% 27
\BOOKMARK [3][]{subsubsection.46}{\376\377\0005\000.\0001\000.\0001\000\040\000V\000o\000r\000t\000e\000i\000l\000e}{subsection.44}% 28
\BOOKMARK [3][]{subsubsection.48}{\376\377\0005\000.\0001\000.\0002\000\040\000N\000a\000c\000h\000t\000e\000i\000l\000e}{subsection.44}% 29
\BOOKMARK [2][]{subsection.50}{\376\377\0005\000.\0002\000\040\000R\000e\000a\000c\000t\000\040\000H\000o\000o\000k\000s}{section.42}% 30
\BOOKMARK [3][]{subsubsection.52}{\376\377\0005\000.\0002\000.\0001\000\040\000u\000s\000e\000S\000t\000a\000t\000e}{subsection.50}% 31
\BOOKMARK [3][]{subsubsection.67}{\376\377\0005\000.\0002\000.\0002\000\040\000u\000s\000e\000E\000f\000f\000e\000c\000t}{subsection.50}% 32
\BOOKMARK [3][]{subsubsection.72}{\376\377\0005\000.\0002\000.\0003\000\040\000u\000s\000e\000C\000o\000n\000t\000e\000x\000t}{subsection.50}% 33
\BOOKMARK [3][]{subsubsection.143}{\376\377\0005\000.\0002\000.\0004\000\040\000A\000l\000t\000e\000r\000n\000a\000t\000i\000v\000e\000\040\000z\000u\000\040\000u\000s\000e\000C\000o\000n\000t\000e\000x\000t}{subsection.50}% 34
\BOOKMARK [1][]{section.145}{\376\377\0006\000\040\000S\000e\000r\000v\000e\000r\000a\000n\000f\000r\000a\000g\000e\000n}{}% 35
\BOOKMARK [2][]{subsection.146}{\376\377\0006\000.\0001\000\040\000G\000r\000a\000p\000h\000Q\000L}{section.145}% 36
\BOOKMARK [3][]{subsubsection.149}{\376\377\0006\000.\0001\000.\0001\000\040\000L\000e\000s\000e\000a\000b\000f\000r\000a\000g\000e}{subsection.146}% 37
\BOOKMARK [2][]{subsection.160}{\376\377\0006\000.\0002\000\040\000A\000x\000i\000o\000s}{section.145}% 38
\BOOKMARK [1][]{section.200}{\376\377\0007\000\040\000Q\000u\000a\000l\000i\000t\000\344\000t\000s\000s\000i\000c\000h\000e\000r\000u\000n\000g\000\040}{}% 39
\BOOKMARK [2][]{subsection.262}{\376\377\0007\000.\0001\000\040\000D\000i\000e\000\040\000T\000e\000s\000t\000f\000\344\000l\000l\000e\000\040\000f\000\374\000r\000\040\000u\000n\000s\000e\000r\000\040\000P\000r\000o\000j\000e\000k\000t}{section.200}% 40
\BOOKMARK [1][]{section.274}{\376\377\0008\000\040\000G\000l\000o\000s\000s\000a\000r}{}% 41
\BOOKMARK [1][]{section.275}{\376\377\0009\000\040\000Z\000u\000s\000a\000m\000m\000e\000n\000f\000a\000s\000s\000u\000n\000g\000\040\000u\000n\000d\000\040\000A\000u\000s\000b\000l\000i\000c\000k}{}% 42
\BOOKMARK [1][]{section.277}{\376\377\0001\0000\000\040\000L\000i\000t\000e\000r\000a\000t\000u\000r\000v\000e\000r\000z\000e\000i\000c\000h\000n\000i\000s}{}% 43
\BOOKMARK [1][]{section.278}{\376\377\0001\0001\000\040\000Q\000u\000e\000l\000l\000e\000n\000v\000e\000r\000z\000e\000i\000c\000h\000n\000i\000s}{}% 44
\BOOKMARK [2][]{subsection.279}{\376\377\0001\0001\000.\0001\000\040\000L\000i\000t\000e\000r\000a\000t\000u\000r}{section.278}% 45
\BOOKMARK [2][]{subsection.281}{\376\377\0001\0001\000.\0002\000\040\000I\000n\000t\000e\000r\000n\000e\000t\000q\000u\000e\000l\000l\000e\000n}{section.278}% 46
\BOOKMARK [1][]{section.283}{\376\377\000A\000\040\000A\000n\000h\000a\000n\000g}{}% 47
\BOOKMARK [2][]{subsection.284}{\376\377\000A\000.\0001\000\040\000A\000u\000f\000w\000a\000n\000d\000s\000v\000e\000r\000t\000e\000i\000l\000u\000n\000g}{section.283}% 48
\BOOKMARK [2][]{subsection.285}{\376\377\000A\000.\0002\000\040\000A\000N\000H\000A\000N\000D\000\040\000X}{section.283}% 49
\BOOKMARK [2][]{subsection.286}{\376\377\000A\000.\0003\000\040\000V\000e\000r\000w\000e\000n\000d\000e\000t\000e\000\040\000T\000e\000c\000h\000n\000o\000l\000o\000g\000i\000e\000n\000\040\000u\000n\000d\000\040\000W\000e\000r\000k\000z\000e\000u\000g\000e}{section.283}% 50
\BOOKMARK [1][]{section*.287}{\376\377\000E\000r\000k\000l\000\344\000r\000u\000n\000g\000\040\000\374\000b\000e\000r\000\040\000d\000i\000e\000\040\000s\000e\000l\000b\000s\000t\000\344\000n\000d\000i\000g\000e\000\040\000A\000b\000f\000a\000s\000s\000u\000n\000g\000\040\000d\000e\000r\000\040\000A\000r\000b\000e\000i\000t}{}% 51
